REQUEST TIME: 3:53:22 pm - REQUEST DATE: 14/11/2025 - REQUEST URL: /api/hello - Request Received.
REQUEST TIME: 3:54:14 pm - REQUEST DATE: 14/11/2025 - REQUEST URL: /api/hello - Request Received.
REQUEST TIME: 11:51:00 am - REQUEST DATE: 18/11/2025 - REQUEST URL: /api/hello - Request Received.
REQUEST TIME: 11:51:10 am - REQUEST DATE: 18/11/2025 - REQUEST URL: /api/users/ - Request Received.
REQUEST TIME: 11:52:30 am - REQUEST DATE: 18/11/2025 - REQUEST URL: /api/users/ - Request Received.
REQUEST TIME: 11:53:42 am - REQUEST DATE: 18/11/2025 - REQUEST URL: /api/users/ - Request Received.
REQUEST TIME: 12:22:24 pm - REQUEST DATE: 18/11/2025 - REQUEST URL: /api/users/ - Request Received.
REQUEST TIME: 12:22:37 pm - REQUEST DATE: 18/11/2025 - REQUEST URL: /api/users/691c17f61bcc731ab86ba07e - Request Received.
REQUEST TIME: 12:22:40 pm - REQUEST DATE: 18/11/2025 - REQUEST URL: /api/users/691c17f61bcc731ab86ba07e1 - Request Received.
REQUEST TIME: 12:23:03 pm - REQUEST DATE: 18/11/2025 - REQUEST URL: /api/users/691c17f61bcc731ab86ba07e1 - Request Received.
REQUEST TIME: 12:23:33 pm - REQUEST DATE: 18/11/2025 - REQUEST URL: /api/users/691c17f61bcc731ab86ba07e1 - Request Received.
REQUEST TIME: 12:24:12 pm - REQUEST DATE: 18/11/2025 - REQUEST URL: /api/users/691c17f61bcc731ab86ba07e1 - Request Received.
REQUEST TIME: 12:28:41 pm - REQUEST DATE: 18/11/2025 - REQUEST URL: /api/users/691c17f61bcc731ab86ba07e1 - Request Received.
REQUEST TIME: 12:28:45 pm - REQUEST DATE: 18/11/2025 - REQUEST URL: /api/users/691c17f61bcc731ab86ba07e1 - Request Received.
REQUEST TIME: 12:30:11 pm - REQUEST DATE: 18/11/2025 - REQUEST URL: /api/users/ - Request Received.
REQUEST TIME: 12:30:14 pm - REQUEST DATE: 18/11/2025 - REQUEST URL: /api/users/691c17f61bcc731ab86ba07e - Request Received.
REQUEST TIME: 12:30:19 pm - REQUEST DATE: 18/11/2025 - REQUEST URL: /api/users/691c17f61bcc731ab86ba07o - Request Received.
REQUEST TIME: 12:34:28 pm - REQUEST DATE: 18/11/2025 - REQUEST URL: /api/users/691c17f61bcc731ab86ba07o - Request Received.
REQUEST TIME: 12:36:48 pm - REQUEST DATE: 18/11/2025 - REQUEST URL: /api/users/691c17f61bcc731ab86ba07o - Request Received.
REQUEST TIME: 12:36:56 pm - REQUEST DATE: 18/11/2025 - REQUEST URL: /api/users/691c17f61bcc731ab86ba07e - Request Received.
REQUEST TIME: 12:37:41 pm - REQUEST DATE: 18/11/2025 - REQUEST URL: /api/users/691c17f61bcc731ab86ba07e - Request Received.
REQUEST TIME: 12:37:52 pm - REQUEST DATE: 18/11/2025 - REQUEST URL: /api/users/691c17f61bcc731ab86ba07eq - Request Received.
REQUEST TIME: 12:39:00 pm - REQUEST DATE: 18/11/2025 - REQUEST URL: /api/users/64f1a2b5c3d4e56789012345 - Request Received.
REQUEST TIME: 12:39:06 pm - REQUEST DATE: 18/11/2025 - REQUEST URL: /api/users/64f1a2b5c3d4e56789012345s - Request Received.
REQUEST TIME: 12:39:12 pm - REQUEST DATE: 18/11/2025 - REQUEST URL: /api/users/64f1a2b5c3d4e56789012345 - Request Received.
REQUEST TIME: 12:48:06 pm - REQUEST DATE: 18/11/2025 - REQUEST URL: /api/users/64f1a2b5c3d4e56789012345 - Request Received.
REQUEST TIME: 12:48:13 pm - REQUEST DATE: 18/11/2025 - REQUEST URL: /api/users/ - Request Received.
REQUEST TIME: 12:48:19 pm - REQUEST DATE: 18/11/2025 - REQUEST URL: /api/users/691c17f61bcc731ab86ba07e - Request Received.
REQUEST TIME: 12:48:25 pm - REQUEST DATE: 18/11/2025 - REQUEST URL: /api/users/691c17f61bcc731ab86ba07e - Request Received.
REQUEST TIME: 12:52:15 pm - REQUEST DATE: 18/11/2025 - REQUEST URL: /api/users/691c17f61bcc731ab86ba07e - Request Received.
REQUEST TIME: 12:52:41 pm - REQUEST DATE: 18/11/2025 - REQUEST URL: /api/users/691c17f61bcc731ab86ba07e - Request Received.
REQUEST TIME: 12:53:07 pm - REQUEST DATE: 18/11/2025 - REQUEST URL: /api/users/691c17f61bcc731ab86ba07e - Request Received.
REQUEST TIME: 12:53:58 pm - REQUEST DATE: 18/11/2025 - REQUEST URL: /api/users/691c17f61bcc731ab86ba07e - Request Received.
REQUEST TIME: 12:54:05 pm - REQUEST DATE: 18/11/2025 - REQUEST URL: /api/users/691c17f61bcc731ab86ba07e - Request Received.
REQUEST TIME: 12:56:36 pm - REQUEST DATE: 18/11/2025 - REQUEST URL: /api/users/64f1a2b5c3d4e567890123451 - Request Received.
REQUEST TIME: 12:57:18 pm - REQUEST DATE: 18/11/2025 - REQUEST URL: /api/users/64f1a2b5c3d4e567890123451 - Request Received.
REQUEST TIME: 12:57:30 pm - REQUEST DATE: 18/11/2025 - REQUEST URL: /api/users/64f1a2b5c3d4e56789012347 - Request Received.
REQUEST TIME: 12:57:33 pm - REQUEST DATE: 18/11/2025 - REQUEST URL: /api/users/ - Request Received.
REQUEST TIME: 12:57:39 pm - REQUEST DATE: 18/11/2025 - REQUEST URL: /api/users/691c17f61bcc731ab86ba07e - Request Received.
REQUEST TIME: 12:57:42 pm - REQUEST DATE: 18/11/2025 - REQUEST URL: /api/users/ - Request Received.
REQUEST TIME: 12:57:45 pm - REQUEST DATE: 18/11/2025 - REQUEST URL: /api/users/691c17f61bcc731ab86ba07e - Request Received.
REQUEST TIME: 12:57:48 pm - REQUEST DATE: 18/11/2025 - REQUEST URL: /api/users/691c17f61bcc731ab86ba07e - Request Received.
REQUEST TIME: 12:57:51 pm - REQUEST DATE: 18/11/2025 - REQUEST URL: /api/users/691c17f61bcc731ab86ba07e - Request Received.
REQUEST TIME: 12:58:33 pm - REQUEST DATE: 18/11/2025 - REQUEST URL: /api/users/ - Request Received.
REQUEST TIME: 12:58:52 pm - REQUEST DATE: 18/11/2025 - REQUEST URL: /api/users/ - Request Received.
REQUEST TIME: 6:54:03 pm - REQUEST DATE: 18/11/2025 - REQUEST URL: /api/url/createUrl/ - Request Received.
REQUEST TIME: 7:01:26 pm - REQUEST DATE: 18/11/2025 - REQUEST URL: /api/url/createUrl/ - Request Received.
REQUEST TIME: 7:02:41 pm - REQUEST DATE: 18/11/2025 - REQUEST URL: /api/url/createUrl/ - Request Received.
REQUEST TIME: 7:05:03 pm - REQUEST DATE: 18/11/2025 - REQUEST URL: /api/url/createUrl/ - Request Received.
REQUEST TIME: 7:07:53 pm - REQUEST DATE: 18/11/2025 - REQUEST URL: /api/url/createUrl/ - Request Received.
REQUEST TIME: 7:22:44 pm - REQUEST DATE: 18/11/2025 - REQUEST URL: /api/url/getRedirectUrl/aaa.shu/4Cp0cu2AY - Request Received.
REQUEST TIME: 7:23:40 pm - REQUEST DATE: 18/11/2025 - REQUEST URL: /api/url/createUrl/ - Request Received.
REQUEST TIME: 7:23:47 pm - REQUEST DATE: 18/11/2025 - REQUEST URL: /api/url/getRedirectUrl/oXPLdmvDq - Request Received.
REQUEST TIME: 7:24:00 pm - REQUEST DATE: 18/11/2025 - REQUEST URL: /api/url/getUrl/oXPLdmvDq - Request Received.
REQUEST TIME: 7:24:57 pm - REQUEST DATE: 18/11/2025 - REQUEST URL: /api/url/getUrl/oXPLdmvDq - Request Received.
REQUEST TIME: 7:25:40 pm - REQUEST DATE: 18/11/2025 - REQUEST URL: /api/url/getUrl/oXPLdmvDq - Request Received.
REQUEST TIME: 7:25:54 pm - REQUEST DATE: 18/11/2025 - REQUEST URL: /api/url/getUrl/oXPLdmvDq - Request Received.
REQUEST TIME: 7:25:54 pm - REQUEST DATE: 18/11/2025 - REQUEST URL: /favicon.ico - Request Received.
REQUEST TIME: 7:27:10 pm - REQUEST DATE: 18/11/2025 - REQUEST URL: /api/url/getUrl/oXPLdmvDq - Request Received.
REQUEST TIME: 7:27:10 pm - REQUEST DATE: 18/11/2025 - REQUEST URL: /api/url/getUrl/google.com - Request Received.
REQUEST TIME: 7:27:45 pm - REQUEST DATE: 18/11/2025 - REQUEST URL: /api/url/getUrl/oXPLdmvDq - Request Received.
REQUEST TIME: 7:27:45 pm - REQUEST DATE: 18/11/2025 - REQUEST URL: /api/url/getUrl/google.com - Request Received.
REQUEST TIME: 7:28:28 pm - REQUEST DATE: 18/11/2025 - REQUEST URL: /api/url/createUrl/ - Request Received.
REQUEST TIME: 7:28:35 pm - REQUEST DATE: 18/11/2025 - REQUEST URL: /api/url/getUrl/-V2-4rQBJ - Request Received.
REQUEST TIME: 7:28:35 pm - REQUEST DATE: 18/11/2025 - REQUEST URL: /api/url/getUrl/google.com - Request Received.
REQUEST TIME: 7:28:40 pm - REQUEST DATE: 18/11/2025 - REQUEST URL: /api/url/createUrl/ - Request Received.
REQUEST TIME: 7:28:48 pm - REQUEST DATE: 18/11/2025 - REQUEST URL: /api/url/getUrl/U5bqmB_pC - Request Received.
REQUEST TIME: 7:28:48 pm - REQUEST DATE: 18/11/2025 - REQUEST URL: /api/url/getUrl/google.com - Request Received.
REQUEST TIME: 7:29:12 pm - REQUEST DATE: 18/11/2025 - REQUEST URL: /api/url/getUrl/U5bqmB_pC - Request Received.
REQUEST TIME: 7:29:12 pm - REQUEST DATE: 18/11/2025 - REQUEST URL: /api/url/getUrl/google.com - Request Received.
REQUEST TIME: 7:29:48 pm - REQUEST DATE: 18/11/2025 - REQUEST URL: /api/url/getUrl/U5bqmB_pC - Request Received.
REQUEST TIME: 7:29:48 pm - REQUEST DATE: 18/11/2025 - REQUEST URL: /api/url/getUrl/google.com - Request Received.
REQUEST TIME: 7:29:49 pm - REQUEST DATE: 18/11/2025 - REQUEST URL: /api/url/getUrl/U5bqmB_pC - Request Received.
REQUEST TIME: 7:29:49 pm - REQUEST DATE: 18/11/2025 - REQUEST URL: /api/url/getUrl/google.com - Request Received.
REQUEST TIME: 7:29:51 pm - REQUEST DATE: 18/11/2025 - REQUEST URL: /api/url/getUrl/U5bqmB_pC - Request Received.
REQUEST TIME: 7:29:51 pm - REQUEST DATE: 18/11/2025 - REQUEST URL: /api/url/getUrl/google.com - Request Received.
REQUEST TIME: 7:29:52 pm - REQUEST DATE: 18/11/2025 - REQUEST URL: /api/url/getUrl/U5bqmB_pC - Request Received.
REQUEST TIME: 7:29:52 pm - REQUEST DATE: 18/11/2025 - REQUEST URL: /api/url/getUrl/google.com - Request Received.
REQUEST TIME: 7:29:53 pm - REQUEST DATE: 18/11/2025 - REQUEST URL: /api/url/getUrl/U5bqmB_pC - Request Received.
REQUEST TIME: 7:29:53 pm - REQUEST DATE: 18/11/2025 - REQUEST URL: /api/url/getUrl/google.com - Request Received.
REQUEST TIME: 7:29:56 pm - REQUEST DATE: 18/11/2025 - REQUEST URL: /api/url/getUrl/U5bqmB_pC - Request Received.
REQUEST TIME: 7:29:56 pm - REQUEST DATE: 18/11/2025 - REQUEST URL: /api/url/getUrl/google.com - Request Received.
REQUEST TIME: 7:29:58 pm - REQUEST DATE: 18/11/2025 - REQUEST URL: /api/url/getUrl/U5bqmB_pC - Request Received.
REQUEST TIME: 7:29:58 pm - REQUEST DATE: 18/11/2025 - REQUEST URL: /api/url/getUrl/google.com - Request Received.
REQUEST TIME: 7:30:03 pm - REQUEST DATE: 18/11/2025 - REQUEST URL: /api/url/createUrl/ - Request Received.
REQUEST TIME: 7:30:08 pm - REQUEST DATE: 18/11/2025 - REQUEST URL: /api/url/getUrl/SZEWPLy8E - Request Received.
REQUEST TIME: 7:30:08 pm - REQUEST DATE: 18/11/2025 - REQUEST URL: /api/url/getUrl/google.com - Request Received.
REQUEST TIME: 7:30:35 pm - REQUEST DATE: 18/11/2025 - REQUEST URL: /api/url/getUrl/SZEWPLy8E - Request Received.
REQUEST TIME: 7:30:35 pm - REQUEST DATE: 18/11/2025 - REQUEST URL: /api/url/getUrl/google.com - Request Received.
REQUEST TIME: 7:31:11 pm - REQUEST DATE: 18/11/2025 - REQUEST URL: /api/url/getUrl/SZEWPLy8E - Request Received.
REQUEST TIME: 7:31:11 pm - REQUEST DATE: 18/11/2025 - REQUEST URL: /api/url/getUrl/google.com - Request Received.
REQUEST TIME: 7:31:28 pm - REQUEST DATE: 18/11/2025 - REQUEST URL: /api/url/getUrl/SZEWPLy8E - Request Received.
REQUEST TIME: 7:31:28 pm - REQUEST DATE: 18/11/2025 - REQUEST URL: /api/url/getUrl/google.com - Request Received.
REQUEST TIME: 7:32:03 pm - REQUEST DATE: 18/11/2025 - REQUEST URL: /api/url/getUrl/SZEWPLy8E - Request Received.
REQUEST TIME: 7:32:03 pm - REQUEST DATE: 18/11/2025 - REQUEST URL: /api/url/getUrl/google.com - Request Received.
REQUEST TIME: 7:33:03 pm - REQUEST DATE: 18/11/2025 - REQUEST URL: /api/url/getUrl/SZEWPLy8E - Request Received.
REQUEST TIME: 7:34:09 pm - REQUEST DATE: 18/11/2025 - REQUEST URL: /api/url/getUrl/SZEWPLy8E - Request Received.
REQUEST TIME: 7:34:09 pm - REQUEST DATE: 18/11/2025 - REQUEST URL: /api/url/getUrl/google.com - Request Received.
REQUEST TIME: 7:36:12 pm - REQUEST DATE: 18/11/2025 - REQUEST URL: /api/url/getUrl/SZEWPLy8E - Request Received.
REQUEST TIME: 7:36:12 pm - REQUEST DATE: 18/11/2025 - REQUEST URL: /api/url/getUrl/google.com - Request Received.
REQUEST TIME: 7:36:53 pm - REQUEST DATE: 18/11/2025 - REQUEST URL: /api/url/createUrl/ - Request Received.
REQUEST TIME: 7:37:00 pm - REQUEST DATE: 18/11/2025 - REQUEST URL: /api/url/getUrl/F19BPjark - Request Received.
REQUEST TIME: 7:37:15 pm - REQUEST DATE: 18/11/2025 - REQUEST URL: /api/url/getUrl/F19BPjark - Request Received.
REQUEST TIME: 1:31:27 pm - REQUEST DATE: 19/11/2025 - REQUEST URL: /api/url/urlAnalytics/F19BPjark - Request Received.
REQUEST TIME: 1:32:05 pm - REQUEST DATE: 19/11/2025 - REQUEST URL: /api/url/getUrl/F19BPjark - Request Received.
REQUEST TIME: 1:32:12 pm - REQUEST DATE: 19/11/2025 - REQUEST URL: /api/url/urlAnalytics/F19BPjark - Request Received.
REQUEST TIME: 1:32:30 pm - REQUEST DATE: 19/11/2025 - REQUEST URL: /api/url/urlAnalytics/F19BPjark - Request Received.
REQUEST TIME: 1:32:39 pm - REQUEST DATE: 19/11/2025 - REQUEST URL: /api/url/getUrl/F19BPjark - Request Received.
REQUEST TIME: 1:32:41 pm - REQUEST DATE: 19/11/2025 - REQUEST URL: /api/url/urlAnalytics/F19BPjark - Request Received.
REQUEST TIME: 1:32:44 pm - REQUEST DATE: 19/11/2025 - REQUEST URL: /api/url/getUrl/F19BPjark - Request Received.
REQUEST TIME: 1:32:49 pm - REQUEST DATE: 19/11/2025 - REQUEST URL: /api/url/getUrl/F19BPjark - Request Received.
REQUEST TIME: 1:32:51 pm - REQUEST DATE: 19/11/2025 - REQUEST URL: /api/url/urlAnalytics/F19BPjark - Request Received.
REQUEST TIME: 1:33:01 pm - REQUEST DATE: 19/11/2025 - REQUEST URL: /api/url/getUrl/F19BPjark - Request Received.
REQUEST TIME: 1:33:04 pm - REQUEST DATE: 19/11/2025 - REQUEST URL: /api/url/urlAnalytics/F19BPjark - Request Received.
REQUEST TIME: 1:52:33 pm - REQUEST DATE: 19/11/2025 - REQUEST URL: /api/url/getAllShortUrls - Request Received.
REQUEST TIME: 7:30:05 pm - REQUEST DATE: 19/11/2025 - REQUEST URL: / - Request Received.
REQUEST TIME: 7:38:39 pm - REQUEST DATE: 19/11/2025 - REQUEST URL: / - Request Received.
REQUEST TIME: 7:38:39 pm - REQUEST DATE: 19/11/2025 - REQUEST URL: /favicon.ico - Request Received.
REQUEST TIME: 7:39:00 pm - REQUEST DATE: 19/11/2025 - REQUEST URL: / - Request Received.
REQUEST TIME: 7:41:00 pm - REQUEST DATE: 19/11/2025 - REQUEST URL: / - Request Received.
REQUEST TIME: 7:41:06 pm - REQUEST DATE: 19/11/2025 - REQUEST URL: /api/url - Request Received.
REQUEST TIME: 7:41:20 pm - REQUEST DATE: 19/11/2025 - REQUEST URL: /api/url - Request Received.
REQUEST TIME: 7:41:22 pm - REQUEST DATE: 19/11/2025 - REQUEST URL: /api/url - Request Received.
REQUEST TIME: 7:41:26 pm - REQUEST DATE: 19/11/2025 - REQUEST URL: /api/url - Request Received.
REQUEST TIME: 7:41:31 pm - REQUEST DATE: 19/11/2025 - REQUEST URL: / - Request Received.
REQUEST TIME: 7:41:34 pm - REQUEST DATE: 19/11/2025 - REQUEST URL: /url - Request Received.
REQUEST TIME: 2:12:21 pm - REQUEST DATE: 20/11/2025 - REQUEST URL: / - Request Received.
REQUEST TIME: 2:12:21 pm - REQUEST DATE: 20/11/2025 - REQUEST URL: /favicon.ico - Request Received.
REQUEST TIME: 2:12:50 pm - REQUEST DATE: 20/11/2025 - REQUEST URL: /api/url/createUrl - Request Received.
REQUEST TIME: 2:14:00 pm - REQUEST DATE: 20/11/2025 - REQUEST URL: /api/url/createUrl - Request Received.
REQUEST TIME: 2:15:37 pm - REQUEST DATE: 20/11/2025 - REQUEST URL: /api/url/createUrl - Request Received.
REQUEST TIME: 2:15:53 pm - REQUEST DATE: 20/11/2025 - REQUEST URL: /api/url/createUrl - Request Received.
REQUEST TIME: 2:15:56 pm - REQUEST DATE: 20/11/2025 - REQUEST URL: /api/url/createUrl - Request Received.
REQUEST TIME: 3:39:38 pm - REQUEST DATE: 20/11/2025 - REQUEST URL: / - Request Received.
REQUEST TIME: 3:39:38 pm - REQUEST DATE: 20/11/2025 - REQUEST URL: /favicon.ico - Request Received.
REQUEST TIME: 3:39:58 pm - REQUEST DATE: 20/11/2025 - REQUEST URL: /api/url/createUrl - Request Received.
REQUEST TIME: 3:40:19 pm - REQUEST DATE: 20/11/2025 - REQUEST URL: /api/url/createUrl - Request Received.
REQUEST TIME: 3:40:21 pm - REQUEST DATE: 20/11/2025 - REQUEST URL: /api/url/createUrl - Request Received.
REQUEST TIME: 3:40:26 pm - REQUEST DATE: 20/11/2025 - REQUEST URL: /api/url/createUrl - Request Received.
REQUEST TIME: 3:41:27 pm - REQUEST DATE: 20/11/2025 - REQUEST URL: /api/url/createUrl - Request Received.
REQUEST TIME: 3:41:52 pm - REQUEST DATE: 20/11/2025 - REQUEST URL: /api/url/createUrl - Request Received.
REQUEST TIME: 3:42:47 pm - REQUEST DATE: 20/11/2025 - REQUEST URL: /api/url/createUrl - Request Received.
REQUEST TIME: 3:42:57 pm - REQUEST DATE: 20/11/2025 - REQUEST URL: /api/url/createUrl - Request Received.
REQUEST TIME: 3:52:08 pm - REQUEST DATE: 20/11/2025 - REQUEST URL: / - Request Received.
REQUEST TIME: 3:52:16 pm - REQUEST DATE: 20/11/2025 - REQUEST URL: / - Request Received.
REQUEST TIME: 3:52:30 pm - REQUEST DATE: 20/11/2025 - REQUEST URL: / - Request Received.
REQUEST TIME: 4:31:49 pm - REQUEST DATE: 20/11/2025 - REQUEST URL: / - Request Received.
REQUEST TIME: 5:11:45 pm - REQUEST DATE: 20/11/2025 - REQUEST URL: / - Request Received.
REQUEST TIME: 5:12:28 pm - REQUEST DATE: 20/11/2025 - REQUEST URL: / - Request Received.
REQUEST TIME: 5:12:31 pm - REQUEST DATE: 20/11/2025 - REQUEST URL: / - Request Received.
REQUEST TIME: 5:12:31 pm - REQUEST DATE: 20/11/2025 - REQUEST URL: / - Request Received.
REQUEST TIME: 5:12:34 pm - REQUEST DATE: 20/11/2025 - REQUEST URL: / - Request Received.
REQUEST TIME: 5:12:35 pm - REQUEST DATE: 20/11/2025 - REQUEST URL: / - Request Received.
REQUEST TIME: 5:12:35 pm - REQUEST DATE: 20/11/2025 - REQUEST URL: / - Request Received.
REQUEST TIME: 5:12:35 pm - REQUEST DATE: 20/11/2025 - REQUEST URL: / - Request Received.
REQUEST TIME: 5:12:37 pm - REQUEST DATE: 20/11/2025 - REQUEST URL: / - Request Received.
REQUEST TIME: 5:12:59 pm - REQUEST DATE: 20/11/2025 - REQUEST URL: / - Request Received.
REQUEST TIME: 5:13:00 pm - REQUEST DATE: 20/11/2025 - REQUEST URL: / - Request Received.
REQUEST TIME: 5:13:00 pm - REQUEST DATE: 20/11/2025 - REQUEST URL: / - Request Received.
REQUEST TIME: 5:13:00 pm - REQUEST DATE: 20/11/2025 - REQUEST URL: / - Request Received.
REQUEST TIME: 5:13:01 pm - REQUEST DATE: 20/11/2025 - REQUEST URL: / - Request Received.
REQUEST TIME: 5:13:02 pm - REQUEST DATE: 20/11/2025 - REQUEST URL: / - Request Received.
REQUEST TIME: 5:13:51 pm - REQUEST DATE: 20/11/2025 - REQUEST URL: / - Request Received.
REQUEST TIME: 5:14:00 pm - REQUEST DATE: 20/11/2025 - REQUEST URL: / - Request Received.
REQUEST TIME: 5:14:01 pm - REQUEST DATE: 20/11/2025 - REQUEST URL: / - Request Received.
REQUEST TIME: 5:17:08 pm - REQUEST DATE: 20/11/2025 - REQUEST URL: / - Request Received.
REQUEST TIME: 5:17:09 pm - REQUEST DATE: 20/11/2025 - REQUEST URL: / - Request Received.
REQUEST TIME: 5:17:40 pm - REQUEST DATE: 20/11/2025 - REQUEST URL: /test - Request Received.
REQUEST TIME: 7:40:43 pm - REQUEST DATE: 20/11/2025 - REQUEST URL: /api/users/signup - Request Received.
REQUEST TIME: 7:42:14 pm - REQUEST DATE: 20/11/2025 - REQUEST URL: /api/users/login - Request Received.
REQUEST TIME: 7:42:20 pm - REQUEST DATE: 20/11/2025 - REQUEST URL: /api/users/login - Request Received.
REQUEST TIME: 7:48:36 pm - REQUEST DATE: 20/11/2025 - REQUEST URL: /api/users/ - Request Received.
REQUEST TIME: 7:52:30 pm - REQUEST DATE: 20/11/2025 - REQUEST URL: /api/users/ - Request Received.
REQUEST TIME: 7:53:09 pm - REQUEST DATE: 20/11/2025 - REQUEST URL: /api/users/ - Request Received.
REQUEST TIME: 7:53:18 pm - REQUEST DATE: 20/11/2025 - REQUEST URL: /api/users/ - Request Received.
REQUEST TIME: 7:53:59 pm - REQUEST DATE: 20/11/2025 - REQUEST URL: /api/users/ - Request Received.
REQUEST TIME: 7:57:42 pm - REQUEST DATE: 20/11/2025 - REQUEST URL: /api/users/ - Request Received.
REQUEST TIME: 7:57:51 pm - REQUEST DATE: 20/11/2025 - REQUEST URL: /api/users/ - Request Received.
REQUEST TIME: 8:02:21 pm - REQUEST DATE: 20/11/2025 - REQUEST URL: /api/users/ - Request Received.
REQUEST TIME: 8:03:00 pm - REQUEST DATE: 20/11/2025 - REQUEST URL: /api/users/ - Request Received.
REQUEST TIME: 8:03:08 pm - REQUEST DATE: 20/11/2025 - REQUEST URL: /api/users/ - Request Received.
REQUEST TIME: 8:03:43 pm - REQUEST DATE: 20/11/2025 - REQUEST URL: /api/users/ - Request Received.
REQUEST TIME: 8:06:14 pm - REQUEST DATE: 20/11/2025 - REQUEST URL: /api/users/ - Request Received.
REQUEST TIME: 8:06:42 pm - REQUEST DATE: 20/11/2025 - REQUEST URL: /api/users/ - Request Received.
REQUEST TIME: 8:09:38 pm - REQUEST DATE: 20/11/2025 - REQUEST URL: /api/users/ - Request Received.
REQUEST TIME: 8:09:55 pm - REQUEST DATE: 20/11/2025 - REQUEST URL: /api/users/ - Request Received.
REQUEST TIME: 8:10:11 pm - REQUEST DATE: 20/11/2025 - REQUEST URL: /api/users/ - Request Received.
REQUEST TIME: 8:11:59 pm - REQUEST DATE: 20/11/2025 - REQUEST URL: /api/users/ - Request Received.
REQUEST TIME: 8:12:29 pm - REQUEST DATE: 20/11/2025 - REQUEST URL: /api/users/ - Request Received.
REQUEST TIME: 8:12:59 pm - REQUEST DATE: 20/11/2025 - REQUEST URL: /api/users/ - Request Received.
REQUEST TIME: 8:13:21 pm - REQUEST DATE: 20/11/2025 - REQUEST URL: /api/users/ - Request Received.
REQUEST TIME: 8:13:53 pm - REQUEST DATE: 20/11/2025 - REQUEST URL: /api/users/ - Request Received.
REQUEST TIME: 8:14:12 pm - REQUEST DATE: 20/11/2025 - REQUEST URL: /api/users/ - Request Received.
REQUEST TIME: 8:17:37 pm - REQUEST DATE: 20/11/2025 - REQUEST URL: /api/users/691f286b87770cad84adfaa9 - Request Received.
REQUEST TIME: 8:17:41 pm - REQUEST DATE: 20/11/2025 - REQUEST URL: /api/users/ - Request Received.
REQUEST TIME: 11:42:09 am - REQUEST DATE: 24/11/2025 - REQUEST URL: /api/users/login - Request Received.
REQUEST TIME: 11:42:31 am - REQUEST DATE: 24/11/2025 - REQUEST URL: /api/users/signup - Request Received.
REQUEST TIME: 11:42:35 am - REQUEST DATE: 24/11/2025 - REQUEST URL: /api/users/login - Request Received.
REQUEST TIME: 11:46:36 am - REQUEST DATE: 24/11/2025 - REQUEST URL: /api/users/ - Request Received.
REQUEST TIME: 11:46:57 am - REQUEST DATE: 24/11/2025 - REQUEST URL: /api/users/login - Request Received.
REQUEST TIME: 11:47:15 am - REQUEST DATE: 24/11/2025 - REQUEST URL: /api/users/ - Request Received.
REQUEST TIME: 11:47:56 am - REQUEST DATE: 24/11/2025 - REQUEST URL: /api/users/login - Request Received.
REQUEST TIME: 11:48:05 am - REQUEST DATE: 24/11/2025 - REQUEST URL: /api/users/ - Request Received.
REQUEST TIME: 11:48:25 am - REQUEST DATE: 24/11/2025 - REQUEST URL: /api/users/ - Request Received.
REQUEST TIME: 11:49:35 am - REQUEST DATE: 24/11/2025 - REQUEST URL: /api/users/ - Request Received.
REQUEST TIME: 11:49:42 am - REQUEST DATE: 24/11/2025 - REQUEST URL: /api/users/ - Request Received.
REQUEST TIME: 11:49:46 am - REQUEST DATE: 24/11/2025 - REQUEST URL: /api/users/login - Request Received.
REQUEST TIME: 11:49:58 am - REQUEST DATE: 24/11/2025 - REQUEST URL: /api/users/ - Request Received.
REQUEST TIME: 11:50:07 am - REQUEST DATE: 24/11/2025 - REQUEST URL: /api/users/ - Request Received.
REQUEST TIME: 11:50:12 am - REQUEST DATE: 24/11/2025 - REQUEST URL: /api/users/ - Request Received.
REQUEST TIME: 3:45:33 pm - REQUEST DATE: 24/11/2025 - REQUEST URL: /api/users/login - Request Received.
REQUEST TIME: 3:45:44 pm - REQUEST DATE: 24/11/2025 - REQUEST URL: /api/users/ - Request Received.
REQUEST TIME: 5:31:05 pm - REQUEST DATE: 26/11/2025 - REQUEST URL: /api/users/login - Request Received.
REQUEST TIME: 5:31:20 pm - REQUEST DATE: 26/11/2025 - REQUEST URL: /api/users/ - Request Received.
REQUEST TIME: 5:31:38 pm - REQUEST DATE: 26/11/2025 - REQUEST URL: /api/users/login - Request Received.
REQUEST TIME: 5:31:47 pm - REQUEST DATE: 26/11/2025 - REQUEST URL: /api/users/login - Request Received.
REQUEST TIME: 5:31:59 pm - REQUEST DATE: 26/11/2025 - REQUEST URL: /api/users/ - Request Received.
REQUEST TIME: 5:43:04 pm - REQUEST DATE: 27/11/2025 - REQUEST URL: /vuEPt2kC6 - Request Received.
REQUEST TIME: 6:37:37 pm - REQUEST DATE: 27/11/2025 - REQUEST URL: /getUrl/vuEPt2kC6 - Request Received.
REQUEST TIME: 6:37:57 pm - REQUEST DATE: 27/11/2025 - REQUEST URL: /api/getUrl/vuEPt2kC6 - Request Received.
REQUEST TIME: 6:38:21 pm - REQUEST DATE: 27/11/2025 - REQUEST URL: /api/url/getUrl/vuEPt2kC6 - Request Received.
REQUEST TIME: 6:38:33 pm - REQUEST DATE: 27/11/2025 - REQUEST URL: /api/url/getUrl/vuEPt2kC6 - Request Received.
REQUEST TIME: 6:40:49 pm - REQUEST DATE: 27/11/2025 - REQUEST URL: /api/url/getUrl/FAPPxrEsu - Request Received.
REQUEST TIME: 6:52:55 pm - REQUEST DATE: 27/11/2025 - REQUEST URL: /api/url/getUrl/tDpBRHrq4 - Request Received.
REQUEST TIME: 6:58:36 pm - REQUEST DATE: 27/11/2025 - REQUEST URL: /api/url/getUrl/5YYwQKjoC - Request Received.
REQUEST TIME: 6:58:52 pm - REQUEST DATE: 27/11/2025 - REQUEST URL: /api/url/getUrl/fSg8c42Ir - Request Received.
